{
  "RSpec": {
    "coverage": {
      "/Users/BenHutch/Desktop/Makers/Lectures/Oodls/config/environment.rb": [
        null,
        1,
        null,
        null,
        1
      ],
      "/Users/BenHutch/Desktop/Makers/Lectures/Oodls/config/application.rb": [
        1,
        null,
        null,
        1,
        1,
        1,
        1,
        1,
        1,
        null,
        null,
        null,
        null,
        1,
        null,
        1,
        1,
        1,
        null,
        null,
        null,
        null,
        null,
        null,
        null,
        null,
        null,
        null,
        null,
        null,
        null,
        null
      ],
      "/Users/BenHutch/Desktop/Makers/Lectures/Oodls/config/boot.rb": [
        null,
        1,
        null,
        1
      ],
      "/Users/BenHutch/Desktop/Makers/Lectures/Oodls/config/environments/test.rb": [
        1,
        null,
        null,
        null,
        null,
        null,
        null,
        1,
        null,
        null,
        null,
        null,
        1,
        null,
        null,
        1,
        1,
        null,
        null,
        1,
        1,
        null,
        null,
        1,
        null,
        null,
        1,
        null,
        null,
        null,
        null,
        1,
        null,
        null,
        1,
        null,
        null,
        null,
        null
      ],
      "/Users/BenHutch/Desktop/Makers/Lectures/Oodls/config/initializers/assets.rb": [
        null,
        null,
        null,
        1,
        null,
        null,
        null,
        null,
        1,
        null,
        null,
        null,
        1,
        null,
        null,
        null,
        null
      ],
      "/Users/BenHutch/Desktop/Makers/Lectures/Oodls/config/initializers/backtrace_silencers.rb": [
        null,
        null,
        null,
        null,
        null,
        null,
        null
      ],
      "/Users/BenHutch/Desktop/Makers/Lectures/Oodls/config/initializers/cookies_serializer.rb": [
        null,
        null,
        1
      ],
      "/Users/BenHutch/Desktop/Makers/Lectures/Oodls/config/initializers/devise.rb": [
        null,
        null,
        1,
        null,
        null,
        null,
        null,
        null,
        null,
        null,
        null,
        null,
        null,
        1,
        null,
        null,
        null,
        null,
        null,
        null,
        null,
        null,
        1,
        null,
        null,
        null,
        null,
        null,
        null,
        null,
        null,
        null,
        null,
        null,
        null,
        null,
        null,
        null,
        null,
        null,
        null,
        null,
        null,
        null,
        1,
        null,
        null,
        null,
        null,
        1,
        null,
        null,
        null,
        null,
        null,
        null,
        null,
        null,
        null,
        null,
        null,
        null,
        null,
        null,
        null,
        null,
        null,
        null,
        null,
        null,
        null,
        null,
        null,
        null,
        null,
        null,
        null,
        null,
        null,
        null,
        1,
        null,
        null,
        null,
        null,
        null,
        null,
        null,
        null,
        null,
        null,
        null,
        null,
        null,
        null,
        null,
        null,
        1,
        null,
        null,
        null,
        null,
        null,
        null,
        null,
        null,
        null,
        null,
        null,
        null,
        null,
        null,
        null,
        null,
        null,
        null,
        null,
        null,
        null,
        null,
        null,
        null,
        null,
        1,
        null,
        null,
        null,
        null,
        null,
        null,
        null,
        null,
        null,
        1,
        null,
        null,
        null,
        null,
        null,
        null,
        null,
        null,
        null,
        null,
        1,
        null,
        null,
        null,
        null,
        null,
        null,
        null,
        null,
        null,
        null,
        null,
        null,
        null,
        null,
        null,
        null,
        null,
        null,
        null,
        null,
        null,
        null,
        null,
        null,
        null,
        null,
        null,
        null,
        null,
        null,
        null,
        null,
        null,
        null,
        null,
        null,
        null,
        null,
        null,
        null,
        null,
        null,
        null,
        null,
        null,
        null,
        null,
        null,
        1,
        null,
        null,
        null,
        null,
        null,
        null,
        null,
        null,
        null,
        null,
        null,
        null,
        null,
        null,
        null,
        1,
        null,
        null,
        null,
        null,
        null,
        null,
        null,
        null,
        null,
        null,
        null,
        null,
        null,
        null,
        null,
        null,
        null,
        null,
        null,
        null,
        null,
        1,
        null,
        null,
        null,
        null,
        null,
        null,
        null,
        null,
        null,
        null,
        null,
        null,
        null,
        null,
        null,
        null,
        null,
        null,
        null,
        null,
        null,
        null,
        null,
        null,
        null,
        null,
        null,
        null,
        null
      ],
      "/Users/BenHutch/Desktop/Makers/Lectures/Oodls/config/initializers/filter_parameter_logging.rb": [
        null,
        null,
        null,
        1
      ],
      "/Users/BenHutch/Desktop/Makers/Lectures/Oodls/config/initializers/inflections.rb": [
        null,
        null,
        null,
        null,
        null,
        null,
        null,
        null,
        null,
        null,
        null,
        null,
        null,
        null,
        null,
        null
      ],
      "/Users/BenHutch/Desktop/Makers/Lectures/Oodls/config/initializers/mime_types.rb": [
        null,
        null,
        null,
        null
      ],
      "/Users/BenHutch/Desktop/Makers/Lectures/Oodls/config/initializers/paperclip.rb": [
        1
      ],
      "/Users/BenHutch/Desktop/Makers/Lectures/Oodls/config/initializers/session_store.rb": [
        null,
        null,
        1
      ],
      "/Users/BenHutch/Desktop/Makers/Lectures/Oodls/config/initializers/wrap_parameters.rb": [
        null,
        null,
        null,
        null,
        null,
        null,
        1,
        1,
        null,
        null,
        null,
        null,
        null,
        null
      ],
      "/Users/BenHutch/Desktop/Makers/Lectures/Oodls/config/routes.rb": [
        1,
        null,
        1,
        1,
        null,
        null,
        null,
        null,
        null,
        1,
        null,
        null,
        null,
        null,
        1,
        null,
        null,
        null,
        null,
        null,
        1,
        null,
        null,
        null,
        null,
        null,
        null,
        null,
        null,
        null,
        null,
        null,
        null,
        null,
        null,
        null,
        null,
        null,
        null,
        null,
        null,
        null,
        null,
        null,
        null,
        null,
        null,
        null,
        null,
        null,
        null,
        null,
        null,
        null,
        null,
        null,
        null,
        null,
        null,
        null,
        null,
        null
      ],
      "/Users/BenHutch/Desktop/Makers/Lectures/Oodls/app/models/charity.rb": [
        1,
        null,
        null,
        1,
        null,
        null,
        1,
        null,
        null,
        1,
        1,
        1,
        null,
        1,
        1,
        null,
        1,
        12,
        null,
        null,
        1,
        18,
        null,
        18,
        198,
        4,
        null,
        198,
        null,
        null,
        null,
        1,
        null,
        null,
        null,
        null,
        null,
        null,
        null,
        null,
        null,
        4,
        19,
        null,
        null,
        null
      ],
      "/Users/BenHutch/Desktop/Makers/Lectures/Oodls/app/helpers/application_helper.rb": [
        1,
        null
      ],
      "/Users/BenHutch/Desktop/Makers/Lectures/Oodls/app/helpers/charities_helper.rb": [
        1,
        null
      ],
      "/Users/BenHutch/Desktop/Makers/Lectures/Oodls/app/helpers/devise_helper.rb": [
        1,
        1,
        15,
        null,
        5,
        2,
        null,
        null,
        null,
        2,
        null,
        null,
        null,
        null,
        null,
        null,
        2,
        null,
        null,
        1,
        0,
        null,
        null,
        null
      ],
      "/Users/BenHutch/Desktop/Makers/Lectures/Oodls/app/helpers/home_helper.rb": [
        1,
        null
      ],
      "/Users/BenHutch/Desktop/Makers/Lectures/Oodls/app/helpers/homepage_helper.rb": [
        1,
        null
      ],
      "/Users/BenHutch/Desktop/Makers/Lectures/Oodls/app/controllers/home_controller.rb": [
        1,
        null,
        1,
        19,
        null,
        null,
        null
      ],
      "/Users/BenHutch/Desktop/Makers/Lectures/Oodls/app/controllers/application_controller.rb": [
        1,
        null,
        null,
        null,
        1,
        null,
        1,
        null,
        1,
        60,
        21,
        null,
        null,
        null,
        1,
        null,
        1,
        null,
        1,
        38,
        null,
        null,
        null,
        null,
        null,
        null,
        null,
        null,
        null,
        null,
        null,
        null,
        null,
        null,
        null,
        null,
        null,
        null,
        null,
        null,
        null,
        null,
        null,
        null,
        null,
        28,
        null,
        null,
        null,
        null,
        null,
        null,
        null,
        null,
        null,
        null,
        null,
        null,
        null,
        null,
        null,
        null,
        null,
        null,
        null,
        null,
        null,
        null,
        null,
        null,
        null,
        null,
        null,
        1,
        9,
        9,
        null,
        0,
        null,
        null,
        null,
        null
      ],
      "/Users/BenHutch/Desktop/Makers/Lectures/Oodls/app/controllers/charities_controller.rb": [
        1,
        null,
        1,
        12,
        null,
        null,
        1,
        2,
        null,
        null,
        null
      ]
    },
    "timestamp": 1422356425
  }
}
